c:\users\vincent riquier\documents\visual studio 2017\source\damesia - copie\damesia\debug\vc141.pdb
c:\users\vincent riquier\documents\visual studio 2017\source\damesia - copie\damesia\debug\vc141.idb
c:\users\vincent riquier\documents\visual studio 2017\source\damesia - copie\damesia\debug\game.obj
c:\users\vincent riquier\documents\visual studio 2017\source\damesia - copie\damesia\debug\checkersai.obj
c:\users\vincent riquier\documents\visual studio 2017\source\damesia - copie\damesia\debug\boardpublic.obj
c:\users\vincent riquier\documents\visual studio 2017\source\damesia - copie\damesia\debug\boardprint.obj
c:\users\vincent riquier\documents\visual studio 2017\source\damesia - copie\damesia\debug\boardmoves.obj
c:\users\vincent riquier\documents\visual studio 2017\source\damesia - copie\damesia\debug\boardjumps.obj
c:\users\vincent riquier\documents\visual studio 2017\source\damesia - copie\damesia\debug\board.obj
c:\users\vincent riquier\documents\visual studio 2017\source\damesia - copie\damesia\debug\main.obj
c:\users\vincent riquier\documents\dames fonctions\damesia\damesia\debug\vc141.pdb
c:\users\vincent riquier\documents\dames fonctions\damesia\damesia\debug\vc141.idb
c:\users\vincent riquier\documents\dames fonctions\damesia\damesia\debug\game.obj
c:\users\vincent riquier\documents\dames fonctions\damesia\damesia\debug\main.obj
c:\users\vincent riquier\documents\dames fonctions\damesia\damesia\debug\boardpublic.obj
c:\users\vincent riquier\documents\dames fonctions\damesia\damesia\debug\boardprint.obj
c:\users\vincent riquier\documents\dames fonctions\damesia\damesia\debug\boardmoves.obj
c:\users\vincent riquier\documents\dames fonctions\damesia\damesia\debug\boardjumps.obj
c:\users\vincent riquier\documents\dames fonctions\damesia\damesia\debug\board.obj
c:\users\vincent riquier\documents\visual studio 2017\source\damesia\debug\damesia.exe
c:\users\vincent riquier\documents\visual studio 2017\source\damesia\debug\damesia.ilk
c:\users\vincent riquier\documents\visual studio 2017\source\damesia\debug\damesia.pdb
c:\users\vincent riquier\documents\visual studio 2017\source\damesia - copie\debug\damesia.exe
c:\users\vincent riquier\documents\visual studio 2017\source\damesia - copie\debug\damesia.ilk
c:\users\vincent riquier\documents\visual studio 2017\source\damesia - copie\debug\damesia.pdb
c:\users\vincent riquier\documents\dames fonctions\damesia\debug\damesia.exe
c:\users\vincent riquier\documents\dames fonctions\damesia\debug\damesia.ilk
c:\users\vincent riquier\documents\dames fonctions\damesia\debug\damesia.pdb
c:\users\vincent riquier\documents\dames fonctions\damesia\damesia\debug\checkersai.obj
c:\users\vincent riquier\documents\dames fonctions\damesia\damesia\debug\damesia.tlog\cl.command.1.tlog
c:\users\vincent riquier\documents\dames fonctions\damesia\damesia\debug\damesia.tlog\cl.read.1.tlog
c:\users\vincent riquier\documents\dames fonctions\damesia\damesia\debug\damesia.tlog\cl.write.1.tlog
c:\users\vincent riquier\documents\dames fonctions\damesia\damesia\debug\damesia.tlog\link.command.1.tlog
c:\users\vincent riquier\documents\dames fonctions\damesia\damesia\debug\damesia.tlog\link.read.1.tlog
c:\users\vincent riquier\documents\dames fonctions\damesia\damesia\debug\damesia.tlog\link.write.1.tlog
